Build started 5/18/2016 1:13:44 PM.
     1>Project "C:\Users\Jesse\Desktop\Projects\Meridian-2D-Game-Engine\Meridian 2D Game Engine\Meridian 2D Game Engine.vcxproj" on node 2 (Build target(s)).
     1>ClCompile:
         C:\Program Files (x86)\Microsoft Visual Studio 14.0\VC\bin\CL.exe /c /ZI /nologo /W3 /WX- /sdl /Od /Oy- /D _MBCS /Gm /EHsc /RTC1 /MDd /GS /fp:precise /Zc:wchar_t /Zc:forScope /Zc:inline /Fo"Bin\Inter\Debug\\" /Fd"Bin\Inter\Debug\vc140.pdb" /Gd /TP /analyze- /errorReport:prompt Src\Engine\Core\Module\Managers\ModuleInput.cpp Src\Main.cpp
         ModuleInput.cpp
     1>c:\users\jesse\desktop\projects\meridian-2d-game-engine\meridian 2d game engine\src\engine\core\module\managers\moduleinput.cpp(52): error C2065: 'glfwGetC': undeclared identifier
     1>c:\users\jesse\desktop\projects\meridian-2d-game-engine\meridian 2d game engine\src\engine\core\module\managers\moduleinput.cpp(52): error C2143: syntax error: missing ';' before '}'
         Generating Code...
         Compiling...
         Main.cpp
         Generating Code...
     1>Done Building Project "C:\Users\Jesse\Desktop\Projects\Meridian-2D-Game-Engine\Meridian 2D Game Engine\Meridian 2D Game Engine.vcxproj" (Build target(s)) -- FAILED.

Build FAILED.

Time Elapsed 00:00:02.23
